2024-06-21 15:10:45.5058 ${level} User profile is available. Using 'C:\Users\oooyeeeee\AppData\Local\ASP.NET\DataProtection-Keys' as key repository and Windows DPAPI to encrypt keys at rest.
2024-06-21 15:10:48.8932 ${level} Application started. Press Ctrl+C to shut down.
2024-06-21 15:10:48.8953 ${level} Hosting environment: Development
2024-06-21 15:10:48.8953 ${level} Content root path: C:\Users\oooyeeeee\source\repos\FundooNotesApplication\
2024-06-21 15:10:48.9988 ${level} Request starting HTTP/2 GET https://localhost:44348/swagger - -
2024-06-21 15:10:49.6165 ${level} Request starting HTTP/2 GET https://localhost:44348/swagger/index.html - -
2024-06-21 15:10:49.6196 ${level} Request finished HTTP/2 GET https://localhost:44348/swagger - - - 301 - - 623.2148ms
2024-06-21 15:10:49.7711 ${level} Request finished HTTP/2 GET https://localhost:44348/swagger/index.html - - - 200 - text/html;charset=utf-8 154.5008ms
2024-06-21 15:10:49.7711 ${level} Request starting HTTP/2 GET https://localhost:44348/swagger/swagger-ui.css - -
2024-06-21 15:10:49.7711 ${level} Request starting HTTP/2 GET https://localhost:44348/swagger/swagger-ui-standalone-preset.js - -
2024-06-21 15:10:49.7711 ${level} Request starting HTTP/2 GET https://localhost:44348/swagger/swagger-ui-bundle.js - -
2024-06-21 15:10:49.7711 ${level} Request starting HTTP/2 GET https://localhost:44348/_vs/browserLink - -
2024-06-21 15:10:49.7711 ${level} Request starting HTTP/2 GET https://localhost:44348/_framework/aspnetcore-browser-refresh.js - -
2024-06-21 15:10:49.7883 ${level} Request finished HTTP/2 GET https://localhost:44348/_framework/aspnetcore-browser-refresh.js - - - 200 13780 application/javascript;+charset=utf-8 7.7349ms
2024-06-21 15:10:49.8027 ${level} Sending file. Request path: '/swagger-ui.css'. Physical path: 'N/A'
2024-06-21 15:10:49.8027 ${level} Sending file. Request path: '/swagger-ui-standalone-preset.js'. Physical path: 'N/A'
2024-06-21 15:10:49.8027 ${level} Sending file. Request path: '/swagger-ui-bundle.js'. Physical path: 'N/A'
2024-06-21 15:10:49.8027 ${level} Request finished HTTP/2 GET https://localhost:44348/swagger/swagger-ui.css - - - 200 152034 text/css 40.9026ms
2024-06-21 15:10:49.8171 ${level} Request finished HTTP/2 GET https://localhost:44348/swagger/swagger-ui-standalone-preset.js - - - 200 230280 application/javascript 38.9837ms
2024-06-21 15:10:49.8772 ${level} Request finished HTTP/2 GET https://localhost:44348/swagger/swagger-ui-bundle.js - - - 200 1456926 application/javascript 96.7685ms
2024-06-21 15:10:49.9380 ${level} Request finished HTTP/2 GET https://localhost:44348/_vs/browserLink - - - 200 - text/javascript;+charset=UTF-8 157.6505ms
2024-06-21 15:10:50.6379 ${level} Request starting HTTP/2 GET https://localhost:44348/swagger/v1/swagger.json - -
2024-06-21 15:10:50.9117 ${level} Request finished HTTP/2 GET https://localhost:44348/swagger/v1/swagger.json - - - 200 - application/json;charset=utf-8 273.7667ms
2024-06-21 15:11:25.3146 ${level} Request starting HTTP/2 GET https://localhost:44348/api/Notes/Reddis - -
2024-06-21 15:11:25.5916 ${level} Executing endpoint 'FundooNotesApplication.Controllers.NotesController.GetAllNotesUsingRedisCache (FundooNotesApplication)'
2024-06-21 15:11:25.6527 ${level} Route matched with {action = "GetAllNotesUsingRedisCache", controller = "Notes"}. Executing controller action with signature System.Threading.Tasks.Task`1[Microsoft.AspNetCore.Mvc.IActionResult] GetAllNotesUsingRedisCache() on controller FundooNotesApplication.Controllers.NotesController (FundooNotesApplication).
2024-06-21 15:11:28.8060 ${level} Entity Framework Core 6.0.0 initialized 'FundooNotesContext' using provider 'Microsoft.EntityFrameworkCore.SqlServer:6.0.0' with options: None
2024-06-21 15:11:30.9123 ${level} Executed DbCommand (85ms) [Parameters=[], CommandType='Text', CommandTimeout='30']
SELECT [n].[NotesId], [n].[Archive], [n].[Color], [n].[Created], [n].[Description], [n].[Image], [n].[Modified], [n].[PinNotes], [n].[Remainder], [n].[Title], [n].[Trash], [n].[UserId]
FROM [Notes] AS [n]
2024-06-21 15:11:31.7926 ${level} Executing OkObjectResult, writing value of type 'System.Collections.Generic.List`1[[RepositoryLayer.Entities.NotesEntity, RepositoryLayer, Version=1.0.0.0, Culture=neutral, PublicKeyToken=null]]'.
2024-06-21 15:11:31.8319 ${level} Executed action FundooNotesApplication.Controllers.NotesController.GetAllNotesUsingRedisCache (FundooNotesApplication) in 6172.0338ms
2024-06-21 15:11:31.8319 ${level} Executed endpoint 'FundooNotesApplication.Controllers.NotesController.GetAllNotesUsingRedisCache (FundooNotesApplication)'
2024-06-21 15:11:32.2989 ${level} Request finished HTTP/2 GET https://localhost:44348/api/Notes/Reddis - - - 200 - application/json;+charset=utf-8 6984.1473ms
